<?xml version="1.0" encoding="UTF-8"?>
<!-- Generated by org.testng.reporters.JUnitReportReporter -->
<testsuite hostname="TYUDM" name="com.Bank.testcases.AddCustomerTest" tests="1" failures="0" timestamp="28 Mar 2019 13:35:10 GMT" time="4.020" errors="0">
  <testcase name="addCustomer" time="4.020" classname="com.Bank.testcases.AddCustomerTest"/>
</testsuite> <!-- com.Bank.testcases.AddCustomerTest -->
