<?xml version="1.0" encoding="UTF-8"?>
<!-- Generated by org.testng.reporters.JUnitReportReporter -->
<testsuite hostname="TYUDM" name="com.Bank.testcases.BankManagerLoginTest" tests="1" failures="0" timestamp="28 Mar 2019 13:35:10 GMT" time="0.716" errors="0">
  <testcase name="loginAsBankManager" time="0.716" classname="com.Bank.testcases.BankManagerLoginTest"/>
</testsuite> <!-- com.Bank.testcases.BankManagerLoginTest -->
