<?xml version="1.0" encoding="UTF-8"?>
<!-- Generated by org.testng.reporters.JUnitReportReporter -->
<testsuite hostname="TYUDM" name="com.Bank.testcases.BankManagerLoginTest" tests="1" failures="0" timestamp="8 May 2019 13:15:06 GMT" time="1.068" errors="0">
  <testcase name="loginAsBankManager" time="1.068" classname="com.Bank.testcases.BankManagerLoginTest"/>
</testsuite> <!-- com.Bank.testcases.BankManagerLoginTest -->
