<?xml version="1.0" encoding="UTF-8"?>
<!-- Generated by org.testng.reporters.JUnitReportReporter -->
<testsuite skipped="0" hostname="TYUDM" name="com.Bank.testcases.AddCustomerTest" tests="1" failures="0" timestamp="28 Mar 2019 14:18:16 GMT" time="4.007" errors="0">
  <testcase name="addCustomer" time="4.007" classname="com.Bank.testcases.AddCustomerTest"/>
</testsuite> <!-- com.Bank.testcases.AddCustomerTest -->
