<?xml version="1.0" encoding="UTF-8"?>
<!-- Generated by org.testng.reporters.JUnitReportReporter -->
<testsuite hostname="TYUDM" name="com.Bank.testcases.AddCustomerTest" tests="1" failures="0" timestamp="8 May 2019 11:28:07 GMT" time="0.954" errors="0">
  <testcase name="addCustomer" time="0.954" classname="com.Bank.testcases.AddCustomerTest"/>
</testsuite> <!-- com.Bank.testcases.AddCustomerTest -->
