<?xml version="1.0" encoding="UTF-8"?>
<!-- Generated by org.testng.reporters.JUnitReportReporter -->
<testsuite hostname="TYUDM" name="com.Bank.testcases.BankManagerLoginTest" tests="1" failures="0" timestamp="8 May 2019 11:28:07 GMT" time="0.898" errors="0">
  <testcase name="loginAsBankManager" time="0.898" classname="com.Bank.testcases.BankManagerLoginTest"/>
</testsuite> <!-- com.Bank.testcases.BankManagerLoginTest -->
