<?xml version="1.0" encoding="UTF-8"?>
<!-- Generated by org.testng.reporters.JUnitReportReporter -->
<testsuite skipped="0" hostname="TYUDM" name="com.Bank.testcases.BankManagerLoginTest" tests="1" failures="0" timestamp="28 Mar 2019 14:18:16 GMT" time="0.738" errors="0">
  <testcase name="loginAsBankManager" time="0.738" classname="com.Bank.testcases.BankManagerLoginTest"/>
</testsuite> <!-- com.Bank.testcases.BankManagerLoginTest -->
