<?xml version="1.0" encoding="UTF-8"?>
<!-- Generated by org.testng.reporters.JUnitReportReporter -->
<testsuite hostname="TYUDM" name="com.Bank.testcases.AddCustomerTest" tests="1" failures="0" timestamp="29 Mar 2019 10:17:40 GMT" time="3.974" errors="0">
  <testcase name="addCustomer" time="3.974" classname="com.Bank.testcases.AddCustomerTest"/>
</testsuite> <!-- com.Bank.testcases.AddCustomerTest -->
